<?xml version="1.0" encoding="UTF-8"?>
<!-- Generated by org.testng.reporters.JUnitReportReporter -->
<testsuite hostname="vasu-PC" name="com.selenium.testng.AdminLogin" tests="1" failures="0" timestamp="10 Apr 2019 02:49:59 GMT" time="14.201" errors="0">
  <testcase name="adminLogin" time="14.201" classname="com.selenium.testng.AdminLogin"/>
</testsuite> <!-- com.selenium.testng.AdminLogin -->
