<?xml version="1.0" encoding="UTF-8"?>
<!-- Generated by org.testng.reporters.JUnitReportReporter -->
<testsuite hostname="vasu-PC" name="com.selenium.testng.FirstTestNG" tests="1" failures="0" timestamp="10 Apr 2019 02:49:59 GMT" time="0.005" errors="0">
  <testcase name="first" time="0.005" classname="com.selenium.testng.FirstTestNG"/>
</testsuite> <!-- com.selenium.testng.FirstTestNG -->
