<?xml version="1.0" encoding="UTF-8"?>
<!-- Generated by org.testng.reporters.JUnitReportReporter -->
<testsuite hostname="vasu-PC" name="com.selenium.testng.MultipleTstNg" tests="3" failures="0" timestamp="10 Apr 2019 02:49:59 GMT" time="0.011" errors="0">
  <testcase name="appLogin" time="0.003" classname="com.selenium.testng.MultipleTstNg"/>
  <testcase name="appClose" time="0.004" classname="com.selenium.testng.MultipleTstNg"/>
  <testcase name="appLaunch" time="0.004" classname="com.selenium.testng.MultipleTstNg"/>
</testsuite> <!-- com.selenium.testng.MultipleTstNg -->
