<?xml version="1.0" encoding="UTF-8"?>
<!-- Generated by org.testng.reporters.JUnitReportReporter -->
<testsuite hostname="vasu-PC" name="com.selenium.testng.AnnotationTest" tests="2" failures="0" timestamp="10 Apr 2019 02:49:59 GMT" time="0.016" errors="0">
  <testcase name="method1" time="0.010" classname="com.selenium.testng.AnnotationTest"/>
  <testcase name="method2" time="0.006" classname="com.selenium.testng.AnnotationTest"/>
</testsuite> <!-- com.selenium.testng.AnnotationTest -->
