<?xml version="1.0" encoding="UTF-8"?>
<!-- Generated by org.testng.reporters.JUnitReportReporter -->
<testsuite hostname="vasu-PC" name="com.selenium.testng.BeforeAfterTest" tests="1" failures="0" timestamp="10 Apr 2019 02:59:35 GMT" time="6.464" errors="0">
  <testcase name="appLogin" time="6.464" classname="com.selenium.testng.BeforeAfterTest"/>
</testsuite> <!-- com.selenium.testng.BeforeAfterTest -->
