<?xml version="1.0" encoding="UTF-8"?>
<!-- Generated by org.testng.reporters.JUnitReportReporter -->
<testsuite hostname="vasu-PC" name="com.selenium.testng.EmpReg" tests="1" failures="0" timestamp="15 Apr 2019 02:55:36 GMT" time="24.820" errors="0">
  <testcase name="emp" time="24.820" classname="com.selenium.testng.EmpReg"/>
</testsuite> <!-- com.selenium.testng.EmpReg -->
